2023-05-26 15:25:39,707:WARNING:
'cuml' is a soft dependency and not included in the pycaret installation. Please run: `pip install cuml` to install.
2023-05-26 15:25:39,708:WARNING:
'cuml' is a soft dependency and not included in the pycaret installation. Please run: `pip install cuml` to install.
2023-05-26 15:25:39,708:WARNING:
'cuml' is a soft dependency and not included in the pycaret installation. Please run: `pip install cuml` to install.
2023-05-26 15:25:39,708:WARNING:
'cuml' is a soft dependency and not included in the pycaret installation. Please run: `pip install cuml` to install.
2023-05-26 15:25:40,861:INFO:Soft dependency imported: prophet: 1.1.3
2023-05-26 15:25:41,372:INFO:PyCaret RegressionExperiment
2023-05-26 15:25:41,373:INFO:Logging name: reg-default-name
2023-05-26 15:25:41,373:INFO:ML Usecase: MLUsecase.REGRESSION
2023-05-26 15:25:41,373:INFO:version 3.0.2
2023-05-26 15:25:41,373:INFO:Initializing setup()
2023-05-26 15:25:41,373:INFO:self.USI: f210
2023-05-26 15:25:41,373:INFO:self._variable_keys: {'gpu_param', 'html_param', 'fold_groups_param', '_ml_usecase', 'X', 'y_train', 'y', 'idx', 'X_test', 'y_test', 'X_train', 'seed', 'pipeline', 'memory', 'fold_generator', 'target_param', 'USI', 'data', 'transform_target_param', 'n_jobs_param', 'fold_shuffle_param', 'exp_id', 'gpu_n_jobs_param', 'exp_name_log', '_available_plots', 'log_plots_param', 'logging_param'}
2023-05-26 15:25:41,373:INFO:Checking environment
2023-05-26 15:25:41,373:INFO:python_version: 3.10.11
2023-05-26 15:25:41,373:INFO:python_build: ('main', 'Apr  5 2023 14:15:10')
2023-05-26 15:25:41,373:INFO:machine: x86_64
2023-05-26 15:25:41,373:INFO:platform: Linux-5.15.107+-x86_64-with-glibc2.31
2023-05-26 15:25:41,373:INFO:Memory: svmem(total=13613326336, available=12531568640, percent=7.9, used=745799680, free=6563106816, active=652857344, inactive=6083547136, buffers=345653248, cached=5958766592, shared=2674688, slab=218738688)
2023-05-26 15:25:41,374:INFO:Physical Core: 1
2023-05-26 15:25:41,374:INFO:Logical Core: 2
2023-05-26 15:25:41,374:INFO:Checking libraries
2023-05-26 15:25:41,374:INFO:System:
2023-05-26 15:25:41,374:INFO:    python: 3.10.11 (main, Apr  5 2023, 14:15:10) [GCC 9.4.0]
2023-05-26 15:25:41,374:INFO:executable: /usr/bin/python3
2023-05-26 15:25:41,374:INFO:   machine: Linux-5.15.107+-x86_64-with-glibc2.31
2023-05-26 15:25:41,374:INFO:PyCaret required dependencies:
2023-05-26 15:25:41,375:INFO:                 pip: 23.1.2
2023-05-26 15:25:41,375:INFO:          setuptools: 67.7.2
2023-05-26 15:25:41,375:INFO:             pycaret: 3.0.2
2023-05-26 15:25:41,375:INFO:             IPython: 7.34.0
2023-05-26 15:25:41,375:INFO:          ipywidgets: 7.7.1
2023-05-26 15:25:41,375:INFO:                tqdm: 4.65.0
2023-05-26 15:25:41,375:INFO:               numpy: 1.22.4
2023-05-26 15:25:41,375:INFO:              pandas: 1.5.3
2023-05-26 15:25:41,375:INFO:              jinja2: 3.1.2
2023-05-26 15:25:41,375:INFO:               scipy: 1.10.1
2023-05-26 15:25:41,375:INFO:              joblib: 1.2.0
2023-05-26 15:25:41,375:INFO:             sklearn: 1.2.2
2023-05-26 15:25:41,375:INFO:                pyod: 1.0.9
2023-05-26 15:25:41,375:INFO:            imblearn: 0.10.1
2023-05-26 15:25:41,375:INFO:   category_encoders: 2.6.1
2023-05-26 15:25:41,375:INFO:            lightgbm: 3.3.5
2023-05-26 15:25:41,375:INFO:               numba: 0.56.4
2023-05-26 15:25:41,375:INFO:            requests: 2.27.1
2023-05-26 15:25:41,375:INFO:          matplotlib: 3.7.1
2023-05-26 15:25:41,375:INFO:          scikitplot: 0.3.7
2023-05-26 15:25:41,375:INFO:         yellowbrick: 1.5
2023-05-26 15:25:41,375:INFO:              plotly: 5.13.1
2023-05-26 15:25:41,376:INFO:             kaleido: 0.2.1
2023-05-26 15:25:41,376:INFO:         statsmodels: 0.13.5
2023-05-26 15:25:41,376:INFO:              sktime: 0.17.0
2023-05-26 15:25:41,376:INFO:               tbats: 1.1.3
2023-05-26 15:25:41,376:INFO:            pmdarima: 2.0.3
2023-05-26 15:25:41,376:INFO:              psutil: 5.9.5
2023-05-26 15:25:41,376:INFO:PyCaret optional dependencies:
2023-05-26 15:25:41,395:INFO:                shap: Not installed
2023-05-26 15:25:41,395:INFO:           interpret: Not installed
2023-05-26 15:25:41,395:INFO:                umap: Not installed
2023-05-26 15:25:41,395:INFO:    pandas_profiling: Not installed
2023-05-26 15:25:41,395:INFO:  explainerdashboard: Not installed
2023-05-26 15:25:41,395:INFO:             autoviz: Not installed
2023-05-26 15:25:41,395:INFO:           fairlearn: Not installed
2023-05-26 15:25:41,395:INFO:             xgboost: 1.7.5
2023-05-26 15:25:41,395:INFO:            catboost: Not installed
2023-05-26 15:25:41,395:INFO:              kmodes: Not installed
2023-05-26 15:25:41,395:INFO:             mlxtend: 0.14.0
2023-05-26 15:25:41,395:INFO:       statsforecast: Not installed
2023-05-26 15:25:41,395:INFO:        tune_sklearn: Not installed
2023-05-26 15:25:41,395:INFO:                 ray: Not installed
2023-05-26 15:25:41,395:INFO:            hyperopt: 0.2.7
2023-05-26 15:25:41,396:INFO:              optuna: Not installed
2023-05-26 15:25:41,396:INFO:               skopt: Not installed
2023-05-26 15:25:41,396:INFO:              mlflow: Not installed
2023-05-26 15:25:41,396:INFO:              gradio: Not installed
2023-05-26 15:25:41,396:INFO:             fastapi: Not installed
2023-05-26 15:25:41,396:INFO:             uvicorn: Not installed
2023-05-26 15:25:41,396:INFO:              m2cgen: Not installed
2023-05-26 15:25:41,396:INFO:           evidently: Not installed
2023-05-26 15:25:41,396:INFO:               fugue: Not installed
2023-05-26 15:25:41,396:INFO:           streamlit: Not installed
2023-05-26 15:25:41,396:INFO:             prophet: 1.1.3
2023-05-26 15:25:41,396:INFO:None
2023-05-26 15:25:41,396:INFO:Set up data.
2023-05-26 15:25:41,419:INFO:Set up train/test split.
2023-05-26 15:25:41,428:INFO:Set up index.
2023-05-26 15:25:41,428:INFO:Set up folding strategy.
2023-05-26 15:25:41,428:INFO:Assigning column types.
2023-05-26 15:25:41,434:INFO:Engine successfully changes for model 'lr' to 'sklearn'.
2023-05-26 15:25:41,434:INFO:Engine for model 'lasso' has not been set explicitly, hence returning None.
2023-05-26 15:25:41,444:INFO:Engine for model 'ridge' has not been set explicitly, hence returning None.
2023-05-26 15:25:41,458:INFO:Engine for model 'en' has not been set explicitly, hence returning None.
2023-05-26 15:25:41,592:INFO:Engine for model 'svm' has not been set explicitly, hence returning None.
2023-05-26 15:25:41,684:INFO:Engine for model 'knn' has not been set explicitly, hence returning None.
2023-05-26 15:25:41,688:INFO:Soft dependency imported: xgboost: 1.7.5
2023-05-26 15:25:42,249:WARNING:
'catboost' is a soft dependency and not included in the pycaret installation. Please run: `pip install catboost` to install.
Alternately, you can install this by running `pip install pycaret[models]`
2023-05-26 15:25:42,250:INFO:Engine for model 'lasso' has not been set explicitly, hence returning None.
2023-05-26 15:25:42,259:INFO:Engine for model 'ridge' has not been set explicitly, hence returning None.
2023-05-26 15:25:42,269:INFO:Engine for model 'en' has not been set explicitly, hence returning None.
2023-05-26 15:25:42,387:INFO:Engine for model 'svm' has not been set explicitly, hence returning None.
2023-05-26 15:25:42,481:INFO:Engine for model 'knn' has not been set explicitly, hence returning None.
2023-05-26 15:25:42,482:INFO:Soft dependency imported: xgboost: 1.7.5
2023-05-26 15:25:42,488:WARNING:
'catboost' is a soft dependency and not included in the pycaret installation. Please run: `pip install catboost` to install.
Alternately, you can install this by running `pip install pycaret[models]`
2023-05-26 15:25:42,488:INFO:Engine successfully changes for model 'lasso' to 'sklearn'.
2023-05-26 15:25:42,498:INFO:Engine for model 'ridge' has not been set explicitly, hence returning None.
2023-05-26 15:25:42,508:INFO:Engine for model 'en' has not been set explicitly, hence returning None.
2023-05-26 15:25:42,632:INFO:Engine for model 'svm' has not been set explicitly, hence returning None.
2023-05-26 15:25:42,724:INFO:Engine for model 'knn' has not been set explicitly, hence returning None.
2023-05-26 15:25:42,725:INFO:Soft dependency imported: xgboost: 1.7.5
2023-05-26 15:25:42,730:WARNING:
'catboost' is a soft dependency and not included in the pycaret installation. Please run: `pip install catboost` to install.
Alternately, you can install this by running `pip install pycaret[models]`
2023-05-26 15:25:42,740:INFO:Engine for model 'ridge' has not been set explicitly, hence returning None.
2023-05-26 15:25:42,749:INFO:Engine for model 'en' has not been set explicitly, hence returning None.
2023-05-26 15:25:42,866:INFO:Engine for model 'svm' has not been set explicitly, hence returning None.
2023-05-26 15:25:42,958:INFO:Engine for model 'knn' has not been set explicitly, hence returning None.
2023-05-26 15:25:42,959:INFO:Soft dependency imported: xgboost: 1.7.5
2023-05-26 15:25:42,964:WARNING:
'catboost' is a soft dependency and not included in the pycaret installation. Please run: `pip install catboost` to install.
Alternately, you can install this by running `pip install pycaret[models]`
2023-05-26 15:25:42,965:INFO:Engine successfully changes for model 'ridge' to 'sklearn'.
2023-05-26 15:25:42,983:INFO:Engine for model 'en' has not been set explicitly, hence returning None.
2023-05-26 15:25:43,103:INFO:Engine for model 'svm' has not been set explicitly, hence returning None.
2023-05-26 15:25:43,203:INFO:Engine for model 'knn' has not been set explicitly, hence returning None.
2023-05-26 15:25:43,204:INFO:Soft dependency imported: xgboost: 1.7.5
2023-05-26 15:25:43,210:WARNING:
'catboost' is a soft dependency and not included in the pycaret installation. Please run: `pip install catboost` to install.
Alternately, you can install this by running `pip install pycaret[models]`
2023-05-26 15:25:43,229:INFO:Engine for model 'en' has not been set explicitly, hence returning None.
2023-05-26 15:25:43,349:INFO:Engine for model 'svm' has not been set explicitly, hence returning None.
2023-05-26 15:25:43,441:INFO:Engine for model 'knn' has not been set explicitly, hence returning None.
2023-05-26 15:25:43,442:INFO:Soft dependency imported: xgboost: 1.7.5
2023-05-26 15:25:43,448:WARNING:
'catboost' is a soft dependency and not included in the pycaret installation. Please run: `pip install catboost` to install.
Alternately, you can install this by running `pip install pycaret[models]`
2023-05-26 15:25:43,448:INFO:Engine successfully changes for model 'en' to 'sklearn'.
2023-05-26 15:25:43,584:INFO:Engine for model 'svm' has not been set explicitly, hence returning None.
2023-05-26 15:25:43,675:INFO:Engine for model 'knn' has not been set explicitly, hence returning None.
2023-05-26 15:25:43,676:INFO:Soft dependency imported: xgboost: 1.7.5
2023-05-26 15:25:43,682:WARNING:
'catboost' is a soft dependency and not included in the pycaret installation. Please run: `pip install catboost` to install.
Alternately, you can install this by running `pip install pycaret[models]`
2023-05-26 15:25:43,824:INFO:Engine for model 'svm' has not been set explicitly, hence returning None.
2023-05-26 15:25:43,888:INFO:Engine for model 'knn' has not been set explicitly, hence returning None.
2023-05-26 15:25:43,890:INFO:Soft dependency imported: xgboost: 1.7.5
2023-05-26 15:25:43,893:WARNING:
'catboost' is a soft dependency and not included in the pycaret installation. Please run: `pip install catboost` to install.
Alternately, you can install this by running `pip install pycaret[models]`
2023-05-26 15:25:43,893:INFO:Engine successfully changes for model 'knn' to 'sklearn'.
2023-05-26 15:25:43,968:INFO:Engine for model 'svm' has not been set explicitly, hence returning None.
2023-05-26 15:25:44,024:INFO:Soft dependency imported: xgboost: 1.7.5
2023-05-26 15:25:44,027:WARNING:
'catboost' is a soft dependency and not included in the pycaret installation. Please run: `pip install catboost` to install.
Alternately, you can install this by running `pip install pycaret[models]`
2023-05-26 15:25:44,103:INFO:Engine for model 'svm' has not been set explicitly, hence returning None.
2023-05-26 15:25:44,156:INFO:Soft dependency imported: xgboost: 1.7.5
2023-05-26 15:25:44,165:WARNING:
'catboost' is a soft dependency and not included in the pycaret installation. Please run: `pip install catboost` to install.
Alternately, you can install this by running `pip install pycaret[models]`
2023-05-26 15:25:44,166:INFO:Engine successfully changes for model 'svm' to 'sklearn'.
2023-05-26 15:25:44,327:INFO:Soft dependency imported: xgboost: 1.7.5
2023-05-26 15:25:44,331:WARNING:
'catboost' is a soft dependency and not included in the pycaret installation. Please run: `pip install catboost` to install.
Alternately, you can install this by running `pip install pycaret[models]`
2023-05-26 15:25:44,492:INFO:Soft dependency imported: xgboost: 1.7.5
2023-05-26 15:25:44,495:WARNING:
'catboost' is a soft dependency and not included in the pycaret installation. Please run: `pip install catboost` to install.
Alternately, you can install this by running `pip install pycaret[models]`
2023-05-26 15:25:44,497:INFO:Preparing preprocessing pipeline...
2023-05-26 15:25:44,497:INFO:Set up simple imputation.
2023-05-26 15:25:44,504:INFO:Set up encoding of ordinal features.
2023-05-26 15:25:44,506:INFO:Set up encoding of categorical features.
2023-05-26 15:25:44,697:INFO:Finished creating preprocessing pipeline.
2023-05-26 15:25:44,726:INFO:Pipeline: Pipeline(memory=FastMemory(location=/tmp/joblib),
         steps=[('numerical_imputer',
                 TransformerWrapper(include=['year', 'km_driven'],
                                    transformer=SimpleImputer())),
                ('categorical_imputer',
                 TransformerWrapper(include=['brand', 'model', 'fuel',
                                             'seller_type', 'transmission',
                                             'owner'],
                                    transformer=SimpleImputer(strategy='most_frequent'))),
                ('ordinal_encoding',
                 Transform...
NaN         -1
dtype: int64}]))),
                ('onehot_encoding',
                 TransformerWrapper(include=['brand', 'fuel', 'seller_type',
                                             'owner'],
                                    transformer=OneHotEncoder(cols=['brand',
                                                                    'fuel',
                                                                    'seller_type',
                                                                    'owner'],
                                                              handle_missing='return_nan',
                                                              use_cat_names=True))),
                ('rest_encoding',
                 TransformerWrapper(include=['model'],
                                    transformer=TargetEncoder(cols=['model'],
                                                              handle_missing='return_nan')))])
2023-05-26 15:25:44,726:INFO:Creating final display dataframe.
2023-05-26 15:25:45,172:INFO:Setup _display_container:                     Description             Value
0                    Session id              8410
1                        Target     selling_price
2                   Target type        Regression
3           Original data shape         (4340, 9)
4        Transformed data shape        (4340, 41)
5   Transformed train set shape        (3038, 41)
6    Transformed test set shape        (1302, 41)
7              Ordinal features                 1
8              Numeric features                 2
9          Categorical features                 6
10                   Preprocess              True
11              Imputation type            simple
12           Numeric imputation              mean
13       Categorical imputation              mode
14     Maximum one-hot encoding                25
15              Encoding method              None
16               Fold Generator             KFold
17                  Fold Number                10
18                     CPU Jobs                -1
19                      Use GPU             False
20               Log Experiment             False
21              Experiment Name  reg-default-name
22                          USI              f210
2023-05-26 15:25:45,323:INFO:Soft dependency imported: xgboost: 1.7.5
2023-05-26 15:25:45,327:WARNING:
'catboost' is a soft dependency and not included in the pycaret installation. Please run: `pip install catboost` to install.
Alternately, you can install this by running `pip install pycaret[models]`
2023-05-26 15:25:45,456:INFO:Soft dependency imported: xgboost: 1.7.5
2023-05-26 15:25:45,459:WARNING:
'catboost' is a soft dependency and not included in the pycaret installation. Please run: `pip install catboost` to install.
Alternately, you can install this by running `pip install pycaret[models]`
2023-05-26 15:25:45,460:INFO:setup() successfully completed in 4.09s...............
2023-05-26 15:25:45,460:INFO:Initializing compare_models()
2023-05-26 15:25:45,460:INFO:compare_models(self=<pycaret.regression.oop.RegressionExperiment object at 0x7fbc38cd09d0>, include=None, fold=None, round=4, cross_validation=True, sort=R2, n_select=1, budget_time=None, turbo=True, errors=ignore, fit_kwargs=None, groups=None, experiment_custom_tags=None, probability_threshold=None, verbose=True, parallel=None, caller_params={'self': <pycaret.regression.oop.RegressionExperiment object at 0x7fbc38cd09d0>, 'include': None, 'exclude': None, 'fold': None, 'round': 4, 'cross_validation': True, 'sort': 'R2', 'n_select': 1, 'budget_time': None, 'turbo': True, 'errors': 'ignore', 'fit_kwargs': None, 'groups': None, 'experiment_custom_tags': None, 'engine': None, 'verbose': True, 'parallel': None, '__class__': <class 'pycaret.regression.oop.RegressionExperiment'>}, exclude=None)
2023-05-26 15:25:45,460:INFO:Checking exceptions
2023-05-26 15:25:45,463:INFO:Preparing display monitor
2023-05-26 15:25:45,517:INFO:Initializing Linear Regression
2023-05-26 15:25:45,517:INFO:Total runtime is 4.128615061442057e-06 minutes
2023-05-26 15:25:45,526:INFO:SubProcess create_model() called ==================================
2023-05-26 15:25:45,526:INFO:Initializing create_model()
2023-05-26 15:25:45,526:INFO:create_model(self=<pycaret.regression.oop.RegressionExperiment object at 0x7fbc38cd09d0>, estimator=lr, fold=KFold(n_splits=10, random_state=None, shuffle=False), round=4, cross_validation=True, predict=True, fit_kwargs={}, groups=None, refit=False, probability_threshold=None, experiment_custom_tags=None, verbose=False, system=False, add_to_model_list=True, metrics=None, display=<pycaret.internal.display.display.CommonDisplay object at 0x7fbc1ac61ab0>, model_only=True, return_train_score=False, kwargs={})
2023-05-26 15:25:45,526:INFO:Checking exceptions
2023-05-26 15:25:45,527:INFO:Importing libraries
2023-05-26 15:25:45,527:INFO:Copying training dataset
2023-05-26 15:25:45,538:INFO:Defining folds
2023-05-26 15:25:45,538:INFO:Declaring metric variables
2023-05-26 15:25:45,547:INFO:Importing untrained model
2023-05-26 15:25:45,555:INFO:Linear Regression Imported successfully
2023-05-26 15:25:45,571:INFO:Starting cross validation
2023-05-26 15:25:45,587:INFO:Cross validating with KFold(n_splits=10, random_state=None, shuffle=False), n_jobs=-1
2023-05-26 15:25:51,905:INFO:Calculating mean and std
2023-05-26 15:25:51,909:INFO:Creating metrics dataframe
2023-05-26 15:25:51,921:INFO:Uploading results into container
2023-05-26 15:25:51,922:INFO:Uploading model into container now
2023-05-26 15:25:51,923:INFO:_master_model_container: 1
2023-05-26 15:25:51,924:INFO:_display_container: 2
2023-05-26 15:25:51,924:INFO:LinearRegression(n_jobs=-1)
2023-05-26 15:25:51,924:INFO:create_model() successfully completed......................................
2023-05-26 15:25:52,101:INFO:SubProcess create_model() end ==================================
2023-05-26 15:25:52,101:INFO:Creating metrics dataframe
2023-05-26 15:25:52,113:INFO:Initializing Lasso Regression
2023-05-26 15:25:52,113:INFO:Total runtime is 0.10994446674982707 minutes
2023-05-26 15:25:52,119:INFO:SubProcess create_model() called ==================================
2023-05-26 15:25:52,119:INFO:Initializing create_model()
2023-05-26 15:25:52,119:INFO:create_model(self=<pycaret.regression.oop.RegressionExperiment object at 0x7fbc38cd09d0>, estimator=lasso, fold=KFold(n_splits=10, random_state=None, shuffle=False), round=4, cross_validation=True, predict=True, fit_kwargs={}, groups=None, refit=False, probability_threshold=None, experiment_custom_tags=None, verbose=False, system=False, add_to_model_list=True, metrics=None, display=<pycaret.internal.display.display.CommonDisplay object at 0x7fbc1ac61ab0>, model_only=True, return_train_score=False, kwargs={})
2023-05-26 15:25:52,120:INFO:Checking exceptions
2023-05-26 15:25:52,120:INFO:Importing libraries
2023-05-26 15:25:52,120:INFO:Copying training dataset
2023-05-26 15:25:52,131:INFO:Defining folds
2023-05-26 15:25:52,131:INFO:Declaring metric variables
2023-05-26 15:25:52,138:INFO:Importing untrained model
2023-05-26 15:25:52,145:INFO:Lasso Regression Imported successfully
2023-05-26 15:25:52,157:INFO:Starting cross validation
2023-05-26 15:25:52,160:INFO:Cross validating with KFold(n_splits=10, random_state=None, shuffle=False), n_jobs=-1
2023-05-26 15:25:52,662:WARNING:/usr/local/lib/python3.10/dist-packages/sklearn/linear_model/_coordinate_descent.py:631: ConvergenceWarning: Objective did not converge. You might want to increase the number of iterations, check the scale of the features or consider increasing regularisation. Duality gap: 2.266e+11, tolerance: 2.592e+10
  model = cd_fast.enet_coordinate_descent(

2023-05-26 15:25:52,793:WARNING:/usr/local/lib/python3.10/dist-packages/sklearn/linear_model/_coordinate_descent.py:631: ConvergenceWarning: Objective did not converge. You might want to increase the number of iterations, check the scale of the features or consider increasing regularisation. Duality gap: 6.280e+12, tolerance: 2.557e+10
  model = cd_fast.enet_coordinate_descent(

2023-05-26 15:25:53,516:WARNING:/usr/local/lib/python3.10/dist-packages/sklearn/linear_model/_coordinate_descent.py:631: ConvergenceWarning: Objective did not converge. You might want to increase the number of iterations, check the scale of the features or consider increasing regularisation. Duality gap: 6.244e+12, tolerance: 2.522e+10
  model = cd_fast.enet_coordinate_descent(

2023-05-26 15:25:53,727:WARNING:/usr/local/lib/python3.10/dist-packages/sklearn/linear_model/_coordinate_descent.py:631: ConvergenceWarning: Objective did not converge. You might want to increase the number of iterations, check the scale of the features or consider increasing regularisation. Duality gap: 2.761e+13, tolerance: 2.601e+10
  model = cd_fast.enet_coordinate_descent(

2023-05-26 15:25:54,803:WARNING:/usr/local/lib/python3.10/dist-packages/sklearn/linear_model/_coordinate_descent.py:631: ConvergenceWarning: Objective did not converge. You might want to increase the number of iterations, check the scale of the features or consider increasing regularisation. Duality gap: 6.509e+12, tolerance: 2.575e+10
  model = cd_fast.enet_coordinate_descent(

2023-05-26 15:25:55,109:WARNING:/usr/local/lib/python3.10/dist-packages/sklearn/linear_model/_coordinate_descent.py:631: ConvergenceWarning: Objective did not converge. You might want to increase the number of iterations, check the scale of the features or consider increasing regularisation. Duality gap: 6.338e+12, tolerance: 2.564e+10
  model = cd_fast.enet_coordinate_descent(

2023-05-26 15:25:56,183:WARNING:/usr/local/lib/python3.10/dist-packages/sklearn/linear_model/_coordinate_descent.py:631: ConvergenceWarning: Objective did not converge. You might want to increase the number of iterations, check the scale of the features or consider increasing regularisation. Duality gap: 6.402e+12, tolerance: 2.586e+10
  model = cd_fast.enet_coordinate_descent(

2023-05-26 15:25:56,839:WARNING:/usr/local/lib/python3.10/dist-packages/sklearn/linear_model/_coordinate_descent.py:631: ConvergenceWarning: Objective did not converge. You might want to increase the number of iterations, check the scale of the features or consider increasing regularisation. Duality gap: 6.301e+12, tolerance: 2.596e+10
  model = cd_fast.enet_coordinate_descent(

2023-05-26 15:25:57,858:WARNING:/usr/local/lib/python3.10/dist-packages/sklearn/linear_model/_coordinate_descent.py:631: ConvergenceWarning: Objective did not converge. You might want to increase the number of iterations, check the scale of the features or consider increasing regularisation. Duality gap: 6.281e+12, tolerance: 2.581e+10
  model = cd_fast.enet_coordinate_descent(

2023-05-26 15:25:58,635:WARNING:/usr/local/lib/python3.10/dist-packages/sklearn/linear_model/_coordinate_descent.py:631: ConvergenceWarning: Objective did not converge. You might want to increase the number of iterations, check the scale of the features or consider increasing regularisation. Duality gap: 6.292e+12, tolerance: 2.552e+10
  model = cd_fast.enet_coordinate_descent(

2023-05-26 15:25:59,017:INFO:Calculating mean and std
2023-05-26 15:25:59,020:INFO:Creating metrics dataframe
2023-05-26 15:25:59,039:INFO:Uploading results into container
2023-05-26 15:25:59,040:INFO:Uploading model into container now
2023-05-26 15:25:59,040:INFO:_master_model_container: 2
2023-05-26 15:25:59,040:INFO:_display_container: 2
2023-05-26 15:25:59,041:INFO:Lasso(random_state=8410)
2023-05-26 15:25:59,041:INFO:create_model() successfully completed......................................
2023-05-26 15:25:59,256:INFO:SubProcess create_model() end ==================================
2023-05-26 15:25:59,256:INFO:Creating metrics dataframe
2023-05-26 15:25:59,268:INFO:Initializing Ridge Regression
2023-05-26 15:25:59,268:INFO:Total runtime is 0.229194708665212 minutes
2023-05-26 15:25:59,276:INFO:SubProcess create_model() called ==================================
2023-05-26 15:25:59,277:INFO:Initializing create_model()
2023-05-26 15:25:59,277:INFO:create_model(self=<pycaret.regression.oop.RegressionExperiment object at 0x7fbc38cd09d0>, estimator=ridge, fold=KFold(n_splits=10, random_state=None, shuffle=False), round=4, cross_validation=True, predict=True, fit_kwargs={}, groups=None, refit=False, probability_threshold=None, experiment_custom_tags=None, verbose=False, system=False, add_to_model_list=True, metrics=None, display=<pycaret.internal.display.display.CommonDisplay object at 0x7fbc1ac61ab0>, model_only=True, return_train_score=False, kwargs={})
2023-05-26 15:25:59,277:INFO:Checking exceptions
2023-05-26 15:25:59,277:INFO:Importing libraries
2023-05-26 15:25:59,278:INFO:Copying training dataset
2023-05-26 15:25:59,287:INFO:Defining folds
2023-05-26 15:25:59,287:INFO:Declaring metric variables
2023-05-26 15:25:59,294:INFO:Importing untrained model
2023-05-26 15:25:59,300:INFO:Ridge Regression Imported successfully
2023-05-26 15:25:59,313:INFO:Starting cross validation
2023-05-26 15:25:59,317:INFO:Cross validating with KFold(n_splits=10, random_state=None, shuffle=False), n_jobs=-1
2023-05-26 15:26:02,358:INFO:Calculating mean and std
2023-05-26 15:26:02,359:INFO:Creating metrics dataframe
2023-05-26 15:26:02,374:INFO:Uploading results into container
2023-05-26 15:26:02,375:INFO:Uploading model into container now
2023-05-26 15:26:02,376:INFO:_master_model_container: 3
2023-05-26 15:26:02,376:INFO:_display_container: 2
2023-05-26 15:26:02,377:INFO:Ridge(random_state=8410)
2023-05-26 15:26:02,377:INFO:create_model() successfully completed......................................
2023-05-26 15:26:02,543:INFO:SubProcess create_model() end ==================================
2023-05-26 15:26:02,543:INFO:Creating metrics dataframe
2023-05-26 15:26:02,555:INFO:Initializing Elastic Net
2023-05-26 15:26:02,555:INFO:Total runtime is 0.2839772661526998 minutes
2023-05-26 15:26:02,562:INFO:SubProcess create_model() called ==================================
2023-05-26 15:26:02,562:INFO:Initializing create_model()
2023-05-26 15:26:02,562:INFO:create_model(self=<pycaret.regression.oop.RegressionExperiment object at 0x7fbc38cd09d0>, estimator=en, fold=KFold(n_splits=10, random_state=None, shuffle=False), round=4, cross_validation=True, predict=True, fit_kwargs={}, groups=None, refit=False, probability_threshold=None, experiment_custom_tags=None, verbose=False, system=False, add_to_model_list=True, metrics=None, display=<pycaret.internal.display.display.CommonDisplay object at 0x7fbc1ac61ab0>, model_only=True, return_train_score=False, kwargs={})
2023-05-26 15:26:02,562:INFO:Checking exceptions
2023-05-26 15:26:02,563:INFO:Importing libraries
2023-05-26 15:26:02,563:INFO:Copying training dataset
2023-05-26 15:26:02,573:INFO:Defining folds
2023-05-26 15:26:02,573:INFO:Declaring metric variables
2023-05-26 15:26:02,580:INFO:Importing untrained model
2023-05-26 15:26:02,587:INFO:Elastic Net Imported successfully
2023-05-26 15:26:02,600:INFO:Starting cross validation
2023-05-26 15:26:02,603:INFO:Cross validating with KFold(n_splits=10, random_state=None, shuffle=False), n_jobs=-1
2023-05-26 15:26:05,717:INFO:Calculating mean and std
2023-05-26 15:26:05,718:INFO:Creating metrics dataframe
2023-05-26 15:26:05,734:INFO:Uploading results into container
2023-05-26 15:26:05,736:INFO:Uploading model into container now
2023-05-26 15:26:05,737:INFO:_master_model_container: 4
2023-05-26 15:26:05,737:INFO:_display_container: 2
2023-05-26 15:26:05,737:INFO:ElasticNet(random_state=8410)
2023-05-26 15:26:05,737:INFO:create_model() successfully completed......................................
2023-05-26 15:26:05,899:INFO:SubProcess create_model() end ==================================
2023-05-26 15:26:05,900:INFO:Creating metrics dataframe
2023-05-26 15:26:05,917:INFO:Initializing Least Angle Regression
2023-05-26 15:26:05,917:INFO:Total runtime is 0.3400073210398356 minutes
2023-05-26 15:26:05,927:INFO:SubProcess create_model() called ==================================
2023-05-26 15:26:05,928:INFO:Initializing create_model()
2023-05-26 15:26:05,928:INFO:create_model(self=<pycaret.regression.oop.RegressionExperiment object at 0x7fbc38cd09d0>, estimator=lar, fold=KFold(n_splits=10, random_state=None, shuffle=False), round=4, cross_validation=True, predict=True, fit_kwargs={}, groups=None, refit=False, probability_threshold=None, experiment_custom_tags=None, verbose=False, system=False, add_to_model_list=True, metrics=None, display=<pycaret.internal.display.display.CommonDisplay object at 0x7fbc1ac61ab0>, model_only=True, return_train_score=False, kwargs={})
2023-05-26 15:26:05,928:INFO:Checking exceptions
2023-05-26 15:26:05,928:INFO:Importing libraries
2023-05-26 15:26:05,928:INFO:Copying training dataset
2023-05-26 15:26:05,938:INFO:Defining folds
2023-05-26 15:26:05,940:INFO:Declaring metric variables
2023-05-26 15:26:05,947:INFO:Importing untrained model
2023-05-26 15:26:05,955:INFO:Least Angle Regression Imported successfully
2023-05-26 15:26:05,969:INFO:Starting cross validation
2023-05-26 15:26:05,972:INFO:Cross validating with KFold(n_splits=10, random_state=None, shuffle=False), n_jobs=-1
2023-05-26 15:26:09,090:INFO:Calculating mean and std
2023-05-26 15:26:09,094:INFO:Creating metrics dataframe
2023-05-26 15:26:09,113:INFO:Uploading results into container
2023-05-26 15:26:09,114:INFO:Uploading model into container now
2023-05-26 15:26:09,115:INFO:_master_model_container: 5
2023-05-26 15:26:09,115:INFO:_display_container: 2
2023-05-26 15:26:09,115:INFO:Lars(random_state=8410)
2023-05-26 15:26:09,115:INFO:create_model() successfully completed......................................
2023-05-26 15:26:09,280:INFO:SubProcess create_model() end ==================================
2023-05-26 15:26:09,281:INFO:Creating metrics dataframe
2023-05-26 15:26:09,305:INFO:Initializing Lasso Least Angle Regression
2023-05-26 15:26:09,305:INFO:Total runtime is 0.39648313124974566 minutes
2023-05-26 15:26:09,312:INFO:SubProcess create_model() called ==================================
2023-05-26 15:26:09,313:INFO:Initializing create_model()
2023-05-26 15:26:09,313:INFO:create_model(self=<pycaret.regression.oop.RegressionExperiment object at 0x7fbc38cd09d0>, estimator=llar, fold=KFold(n_splits=10, random_state=None, shuffle=False), round=4, cross_validation=True, predict=True, fit_kwargs={}, groups=None, refit=False, probability_threshold=None, experiment_custom_tags=None, verbose=False, system=False, add_to_model_list=True, metrics=None, display=<pycaret.internal.display.display.CommonDisplay object at 0x7fbc1ac61ab0>, model_only=True, return_train_score=False, kwargs={})
2023-05-26 15:26:09,313:INFO:Checking exceptions
2023-05-26 15:26:09,313:INFO:Importing libraries
2023-05-26 15:26:09,313:INFO:Copying training dataset
2023-05-26 15:26:09,324:INFO:Defining folds
2023-05-26 15:26:09,324:INFO:Declaring metric variables
2023-05-26 15:26:09,330:INFO:Importing untrained model
2023-05-26 15:26:09,337:INFO:Lasso Least Angle Regression Imported successfully
2023-05-26 15:26:09,349:INFO:Starting cross validation
2023-05-26 15:26:09,352:INFO:Cross validating with KFold(n_splits=10, random_state=None, shuffle=False), n_jobs=-1
2023-05-26 15:26:14,845:INFO:Calculating mean and std
2023-05-26 15:26:14,856:INFO:Creating metrics dataframe
2023-05-26 15:26:14,878:INFO:Uploading results into container
2023-05-26 15:26:14,879:INFO:Uploading model into container now
2023-05-26 15:26:14,879:INFO:_master_model_container: 6
2023-05-26 15:26:14,879:INFO:_display_container: 2
2023-05-26 15:26:14,880:INFO:LassoLars(random_state=8410)
2023-05-26 15:26:14,880:INFO:create_model() successfully completed......................................
2023-05-26 15:26:15,042:INFO:SubProcess create_model() end ==================================
2023-05-26 15:26:15,042:INFO:Creating metrics dataframe
2023-05-26 15:26:15,055:INFO:Initializing Orthogonal Matching Pursuit
2023-05-26 15:26:15,055:INFO:Total runtime is 0.49230317274729407 minutes
2023-05-26 15:26:15,063:INFO:SubProcess create_model() called ==================================
2023-05-26 15:26:15,063:INFO:Initializing create_model()
2023-05-26 15:26:15,063:INFO:create_model(self=<pycaret.regression.oop.RegressionExperiment object at 0x7fbc38cd09d0>, estimator=omp, fold=KFold(n_splits=10, random_state=None, shuffle=False), round=4, cross_validation=True, predict=True, fit_kwargs={}, groups=None, refit=False, probability_threshold=None, experiment_custom_tags=None, verbose=False, system=False, add_to_model_list=True, metrics=None, display=<pycaret.internal.display.display.CommonDisplay object at 0x7fbc1ac61ab0>, model_only=True, return_train_score=False, kwargs={})
2023-05-26 15:26:15,063:INFO:Checking exceptions
2023-05-26 15:26:15,063:INFO:Importing libraries
2023-05-26 15:26:15,063:INFO:Copying training dataset
2023-05-26 15:26:15,073:INFO:Defining folds
2023-05-26 15:26:15,074:INFO:Declaring metric variables
2023-05-26 15:26:15,082:INFO:Importing untrained model
2023-05-26 15:26:15,090:INFO:Orthogonal Matching Pursuit Imported successfully
2023-05-26 15:26:15,104:INFO:Starting cross validation
2023-05-26 15:26:15,108:INFO:Cross validating with KFold(n_splits=10, random_state=None, shuffle=False), n_jobs=-1
2023-05-26 15:26:18,087:INFO:Calculating mean and std
2023-05-26 15:26:18,094:INFO:Creating metrics dataframe
2023-05-26 15:26:18,129:INFO:Uploading results into container
2023-05-26 15:26:18,130:INFO:Uploading model into container now
2023-05-26 15:26:18,131:INFO:_master_model_container: 7
2023-05-26 15:26:18,131:INFO:_display_container: 2
2023-05-26 15:26:18,131:INFO:OrthogonalMatchingPursuit()
2023-05-26 15:26:18,132:INFO:create_model() successfully completed......................................
2023-05-26 15:26:18,289:INFO:SubProcess create_model() end ==================================
2023-05-26 15:26:18,289:INFO:Creating metrics dataframe
2023-05-26 15:26:18,302:INFO:Initializing Bayesian Ridge
2023-05-26 15:26:18,302:INFO:Total runtime is 0.5464293122291565 minutes
2023-05-26 15:26:18,308:INFO:SubProcess create_model() called ==================================
2023-05-26 15:26:18,308:INFO:Initializing create_model()
2023-05-26 15:26:18,308:INFO:create_model(self=<pycaret.regression.oop.RegressionExperiment object at 0x7fbc38cd09d0>, estimator=br, fold=KFold(n_splits=10, random_state=None, shuffle=False), round=4, cross_validation=True, predict=True, fit_kwargs={}, groups=None, refit=False, probability_threshold=None, experiment_custom_tags=None, verbose=False, system=False, add_to_model_list=True, metrics=None, display=<pycaret.internal.display.display.CommonDisplay object at 0x7fbc1ac61ab0>, model_only=True, return_train_score=False, kwargs={})
2023-05-26 15:26:18,308:INFO:Checking exceptions
2023-05-26 15:26:18,308:INFO:Importing libraries
2023-05-26 15:26:18,308:INFO:Copying training dataset
2023-05-26 15:26:18,322:INFO:Defining folds
2023-05-26 15:26:18,322:INFO:Declaring metric variables
2023-05-26 15:26:18,330:INFO:Importing untrained model
2023-05-26 15:26:18,340:INFO:Bayesian Ridge Imported successfully
2023-05-26 15:26:18,359:INFO:Starting cross validation
2023-05-26 15:26:18,362:INFO:Cross validating with KFold(n_splits=10, random_state=None, shuffle=False), n_jobs=-1
2023-05-26 15:26:21,380:INFO:Calculating mean and std
2023-05-26 15:26:21,392:INFO:Creating metrics dataframe
2023-05-26 15:26:21,412:INFO:Uploading results into container
2023-05-26 15:26:21,413:INFO:Uploading model into container now
2023-05-26 15:26:21,414:INFO:_master_model_container: 8
2023-05-26 15:26:21,414:INFO:_display_container: 2
2023-05-26 15:26:21,414:INFO:BayesianRidge()
2023-05-26 15:26:21,414:INFO:create_model() successfully completed......................................
2023-05-26 15:26:21,577:INFO:SubProcess create_model() end ==================================
2023-05-26 15:26:21,578:INFO:Creating metrics dataframe
2023-05-26 15:26:21,591:INFO:Initializing Passive Aggressive Regressor
2023-05-26 15:26:21,591:INFO:Total runtime is 0.6012431899706523 minutes
2023-05-26 15:26:21,598:INFO:SubProcess create_model() called ==================================
2023-05-26 15:26:21,598:INFO:Initializing create_model()
2023-05-26 15:26:21,598:INFO:create_model(self=<pycaret.regression.oop.RegressionExperiment object at 0x7fbc38cd09d0>, estimator=par, fold=KFold(n_splits=10, random_state=None, shuffle=False), round=4, cross_validation=True, predict=True, fit_kwargs={}, groups=None, refit=False, probability_threshold=None, experiment_custom_tags=None, verbose=False, system=False, add_to_model_list=True, metrics=None, display=<pycaret.internal.display.display.CommonDisplay object at 0x7fbc1ac61ab0>, model_only=True, return_train_score=False, kwargs={})
2023-05-26 15:26:21,598:INFO:Checking exceptions
2023-05-26 15:26:21,598:INFO:Importing libraries
2023-05-26 15:26:21,598:INFO:Copying training dataset
2023-05-26 15:26:21,609:INFO:Defining folds
2023-05-26 15:26:21,609:INFO:Declaring metric variables
2023-05-26 15:26:21,616:INFO:Importing untrained model
2023-05-26 15:26:21,622:INFO:Passive Aggressive Regressor Imported successfully
2023-05-26 15:26:21,634:INFO:Starting cross validation
2023-05-26 15:26:21,637:INFO:Cross validating with KFold(n_splits=10, random_state=None, shuffle=False), n_jobs=-1
2023-05-26 15:26:24,671:INFO:Calculating mean and std
2023-05-26 15:26:24,677:INFO:Creating metrics dataframe
2023-05-26 15:26:24,705:INFO:Uploading results into container
2023-05-26 15:26:24,707:INFO:Uploading model into container now
2023-05-26 15:26:24,707:INFO:_master_model_container: 9
2023-05-26 15:26:24,707:INFO:_display_container: 2
2023-05-26 15:26:24,708:INFO:PassiveAggressiveRegressor(random_state=8410)
2023-05-26 15:26:24,708:INFO:create_model() successfully completed......................................
2023-05-26 15:26:24,913:INFO:SubProcess create_model() end ==================================
2023-05-26 15:26:24,913:INFO:Creating metrics dataframe
2023-05-26 15:26:24,936:INFO:Initializing Huber Regressor
2023-05-26 15:26:24,937:INFO:Total runtime is 0.6570032596588135 minutes
2023-05-26 15:26:24,945:INFO:SubProcess create_model() called ==================================
2023-05-26 15:26:24,946:INFO:Initializing create_model()
2023-05-26 15:26:24,946:INFO:create_model(self=<pycaret.regression.oop.RegressionExperiment object at 0x7fbc38cd09d0>, estimator=huber, fold=KFold(n_splits=10, random_state=None, shuffle=False), round=4, cross_validation=True, predict=True, fit_kwargs={}, groups=None, refit=False, probability_threshold=None, experiment_custom_tags=None, verbose=False, system=False, add_to_model_list=True, metrics=None, display=<pycaret.internal.display.display.CommonDisplay object at 0x7fbc1ac61ab0>, model_only=True, return_train_score=False, kwargs={})
2023-05-26 15:26:24,946:INFO:Checking exceptions
2023-05-26 15:26:24,946:INFO:Importing libraries
2023-05-26 15:26:24,946:INFO:Copying training dataset
2023-05-26 15:26:24,957:INFO:Defining folds
2023-05-26 15:26:24,957:INFO:Declaring metric variables
2023-05-26 15:26:24,963:INFO:Importing untrained model
2023-05-26 15:26:24,970:INFO:Huber Regressor Imported successfully
2023-05-26 15:26:24,982:INFO:Starting cross validation
2023-05-26 15:26:24,985:INFO:Cross validating with KFold(n_splits=10, random_state=None, shuffle=False), n_jobs=-1
2023-05-26 15:26:30,580:INFO:Calculating mean and std
2023-05-26 15:26:30,591:INFO:Creating metrics dataframe
2023-05-26 15:26:30,624:INFO:Uploading results into container
2023-05-26 15:26:30,625:INFO:Uploading model into container now
2023-05-26 15:26:30,627:INFO:_master_model_container: 10
2023-05-26 15:26:30,629:INFO:_display_container: 2
2023-05-26 15:26:30,629:INFO:HuberRegressor()
2023-05-26 15:26:30,629:INFO:create_model() successfully completed......................................
2023-05-26 15:26:30,794:INFO:SubProcess create_model() end ==================================
2023-05-26 15:26:30,794:INFO:Creating metrics dataframe
2023-05-26 15:26:30,808:INFO:Initializing K Neighbors Regressor
2023-05-26 15:26:30,808:INFO:Total runtime is 0.7548558195432027 minutes
2023-05-26 15:26:30,814:INFO:SubProcess create_model() called ==================================
2023-05-26 15:26:30,815:INFO:Initializing create_model()
2023-05-26 15:26:30,815:INFO:create_model(self=<pycaret.regression.oop.RegressionExperiment object at 0x7fbc38cd09d0>, estimator=knn, fold=KFold(n_splits=10, random_state=None, shuffle=False), round=4, cross_validation=True, predict=True, fit_kwargs={}, groups=None, refit=False, probability_threshold=None, experiment_custom_tags=None, verbose=False, system=False, add_to_model_list=True, metrics=None, display=<pycaret.internal.display.display.CommonDisplay object at 0x7fbc1ac61ab0>, model_only=True, return_train_score=False, kwargs={})
2023-05-26 15:26:30,815:INFO:Checking exceptions
2023-05-26 15:26:30,815:INFO:Importing libraries
2023-05-26 15:26:30,815:INFO:Copying training dataset
2023-05-26 15:26:30,826:INFO:Defining folds
2023-05-26 15:26:30,826:INFO:Declaring metric variables
2023-05-26 15:26:30,834:INFO:Importing untrained model
2023-05-26 15:26:30,841:INFO:K Neighbors Regressor Imported successfully
2023-05-26 15:26:30,853:INFO:Starting cross validation
2023-05-26 15:26:30,856:INFO:Cross validating with KFold(n_splits=10, random_state=None, shuffle=False), n_jobs=-1
2023-05-26 15:26:33,914:INFO:Calculating mean and std
2023-05-26 15:26:33,916:INFO:Creating metrics dataframe
2023-05-26 15:26:33,950:INFO:Uploading results into container
2023-05-26 15:26:33,951:INFO:Uploading model into container now
2023-05-26 15:26:33,951:INFO:_master_model_container: 11
2023-05-26 15:26:33,951:INFO:_display_container: 2
2023-05-26 15:26:33,952:INFO:KNeighborsRegressor(n_jobs=-1)
2023-05-26 15:26:33,952:INFO:create_model() successfully completed......................................
2023-05-26 15:26:34,110:INFO:SubProcess create_model() end ==================================
2023-05-26 15:26:34,110:INFO:Creating metrics dataframe
2023-05-26 15:26:34,126:INFO:Initializing Decision Tree Regressor
2023-05-26 15:26:34,127:INFO:Total runtime is 0.810167396068573 minutes
2023-05-26 15:26:34,134:INFO:SubProcess create_model() called ==================================
2023-05-26 15:26:34,134:INFO:Initializing create_model()
2023-05-26 15:26:34,134:INFO:create_model(self=<pycaret.regression.oop.RegressionExperiment object at 0x7fbc38cd09d0>, estimator=dt, fold=KFold(n_splits=10, random_state=None, shuffle=False), round=4, cross_validation=True, predict=True, fit_kwargs={}, groups=None, refit=False, probability_threshold=None, experiment_custom_tags=None, verbose=False, system=False, add_to_model_list=True, metrics=None, display=<pycaret.internal.display.display.CommonDisplay object at 0x7fbc1ac61ab0>, model_only=True, return_train_score=False, kwargs={})
2023-05-26 15:26:34,135:INFO:Checking exceptions
2023-05-26 15:26:34,135:INFO:Importing libraries
2023-05-26 15:26:34,135:INFO:Copying training dataset
2023-05-26 15:26:34,146:INFO:Defining folds
2023-05-26 15:26:34,146:INFO:Declaring metric variables
2023-05-26 15:26:34,154:INFO:Importing untrained model
2023-05-26 15:26:34,161:INFO:Decision Tree Regressor Imported successfully
2023-05-26 15:26:34,172:INFO:Starting cross validation
2023-05-26 15:26:34,174:INFO:Cross validating with KFold(n_splits=10, random_state=None, shuffle=False), n_jobs=-1
2023-05-26 15:26:37,277:INFO:Calculating mean and std
2023-05-26 15:26:37,291:INFO:Creating metrics dataframe
2023-05-26 15:26:37,326:INFO:Uploading results into container
2023-05-26 15:26:37,327:INFO:Uploading model into container now
2023-05-26 15:26:37,328:INFO:_master_model_container: 12
2023-05-26 15:26:37,328:INFO:_display_container: 2
2023-05-26 15:26:37,328:INFO:DecisionTreeRegressor(random_state=8410)
2023-05-26 15:26:37,328:INFO:create_model() successfully completed......................................
2023-05-26 15:26:37,495:INFO:SubProcess create_model() end ==================================
2023-05-26 15:26:37,495:INFO:Creating metrics dataframe
2023-05-26 15:26:37,509:INFO:Initializing Random Forest Regressor
2023-05-26 15:26:37,510:INFO:Total runtime is 0.8665530165036519 minutes
2023-05-26 15:26:37,518:INFO:SubProcess create_model() called ==================================
2023-05-26 15:26:37,519:INFO:Initializing create_model()
2023-05-26 15:26:37,519:INFO:create_model(self=<pycaret.regression.oop.RegressionExperiment object at 0x7fbc38cd09d0>, estimator=rf, fold=KFold(n_splits=10, random_state=None, shuffle=False), round=4, cross_validation=True, predict=True, fit_kwargs={}, groups=None, refit=False, probability_threshold=None, experiment_custom_tags=None, verbose=False, system=False, add_to_model_list=True, metrics=None, display=<pycaret.internal.display.display.CommonDisplay object at 0x7fbc1ac61ab0>, model_only=True, return_train_score=False, kwargs={})
2023-05-26 15:26:37,519:INFO:Checking exceptions
2023-05-26 15:26:37,520:INFO:Importing libraries
2023-05-26 15:26:37,520:INFO:Copying training dataset
2023-05-26 15:26:37,531:INFO:Defining folds
2023-05-26 15:26:37,531:INFO:Declaring metric variables
2023-05-26 15:26:37,540:INFO:Importing untrained model
2023-05-26 15:26:37,548:INFO:Random Forest Regressor Imported successfully
2023-05-26 15:26:37,561:INFO:Starting cross validation
2023-05-26 15:26:37,564:INFO:Cross validating with KFold(n_splits=10, random_state=None, shuffle=False), n_jobs=-1
2023-05-26 15:26:53,211:INFO:Calculating mean and std
2023-05-26 15:26:53,228:INFO:Creating metrics dataframe
2023-05-26 15:26:53,250:INFO:Uploading results into container
2023-05-26 15:26:53,251:INFO:Uploading model into container now
2023-05-26 15:26:53,251:INFO:_master_model_container: 13
2023-05-26 15:26:53,251:INFO:_display_container: 2
2023-05-26 15:26:53,252:INFO:RandomForestRegressor(n_jobs=-1, random_state=8410)
2023-05-26 15:26:53,252:INFO:create_model() successfully completed......................................
2023-05-26 15:26:53,411:INFO:SubProcess create_model() end ==================================
2023-05-26 15:26:53,411:INFO:Creating metrics dataframe
2023-05-26 15:26:53,426:INFO:Initializing Extra Trees Regressor
2023-05-26 15:26:53,426:INFO:Total runtime is 1.1318304419517518 minutes
2023-05-26 15:26:53,434:INFO:SubProcess create_model() called ==================================
2023-05-26 15:26:53,435:INFO:Initializing create_model()
2023-05-26 15:26:53,435:INFO:create_model(self=<pycaret.regression.oop.RegressionExperiment object at 0x7fbc38cd09d0>, estimator=et, fold=KFold(n_splits=10, random_state=None, shuffle=False), round=4, cross_validation=True, predict=True, fit_kwargs={}, groups=None, refit=False, probability_threshold=None, experiment_custom_tags=None, verbose=False, system=False, add_to_model_list=True, metrics=None, display=<pycaret.internal.display.display.CommonDisplay object at 0x7fbc1ac61ab0>, model_only=True, return_train_score=False, kwargs={})
2023-05-26 15:26:53,435:INFO:Checking exceptions
2023-05-26 15:26:53,435:INFO:Importing libraries
2023-05-26 15:26:53,435:INFO:Copying training dataset
2023-05-26 15:26:53,446:INFO:Defining folds
2023-05-26 15:26:53,447:INFO:Declaring metric variables
2023-05-26 15:26:53,456:INFO:Importing untrained model
2023-05-26 15:26:53,464:INFO:Extra Trees Regressor Imported successfully
2023-05-26 15:26:53,477:INFO:Starting cross validation
2023-05-26 15:26:53,482:INFO:Cross validating with KFold(n_splits=10, random_state=None, shuffle=False), n_jobs=-1
2023-05-26 15:27:08,780:INFO:Calculating mean and std
2023-05-26 15:27:08,787:INFO:Creating metrics dataframe
2023-05-26 15:27:08,830:INFO:Uploading results into container
2023-05-26 15:27:08,831:INFO:Uploading model into container now
2023-05-26 15:27:08,832:INFO:_master_model_container: 14
2023-05-26 15:27:08,833:INFO:_display_container: 2
2023-05-26 15:27:08,833:INFO:ExtraTreesRegressor(n_jobs=-1, random_state=8410)
2023-05-26 15:27:08,834:INFO:create_model() successfully completed......................................
2023-05-26 15:27:08,996:INFO:SubProcess create_model() end ==================================
2023-05-26 15:27:08,997:INFO:Creating metrics dataframe
2023-05-26 15:27:09,012:INFO:Initializing AdaBoost Regressor
2023-05-26 15:27:09,013:INFO:Total runtime is 1.3916065414746603 minutes
2023-05-26 15:27:09,018:INFO:SubProcess create_model() called ==================================
2023-05-26 15:27:09,020:INFO:Initializing create_model()
2023-05-26 15:27:09,020:INFO:create_model(self=<pycaret.regression.oop.RegressionExperiment object at 0x7fbc38cd09d0>, estimator=ada, fold=KFold(n_splits=10, random_state=None, shuffle=False), round=4, cross_validation=True, predict=True, fit_kwargs={}, groups=None, refit=False, probability_threshold=None, experiment_custom_tags=None, verbose=False, system=False, add_to_model_list=True, metrics=None, display=<pycaret.internal.display.display.CommonDisplay object at 0x7fbc1ac61ab0>, model_only=True, return_train_score=False, kwargs={})
2023-05-26 15:27:09,020:INFO:Checking exceptions
2023-05-26 15:27:09,020:INFO:Importing libraries
2023-05-26 15:27:09,020:INFO:Copying training dataset
2023-05-26 15:27:09,033:INFO:Defining folds
2023-05-26 15:27:09,033:INFO:Declaring metric variables
2023-05-26 15:27:09,042:INFO:Importing untrained model
2023-05-26 15:27:09,049:INFO:AdaBoost Regressor Imported successfully
2023-05-26 15:27:09,064:INFO:Starting cross validation
2023-05-26 15:27:09,068:INFO:Cross validating with KFold(n_splits=10, random_state=None, shuffle=False), n_jobs=-1
2023-05-26 15:27:16,887:INFO:Calculating mean and std
2023-05-26 15:27:16,890:INFO:Creating metrics dataframe
2023-05-26 15:27:16,946:INFO:Uploading results into container
2023-05-26 15:27:16,947:INFO:Uploading model into container now
2023-05-26 15:27:16,948:INFO:_master_model_container: 15
2023-05-26 15:27:16,948:INFO:_display_container: 2
2023-05-26 15:27:16,948:INFO:AdaBoostRegressor(random_state=8410)
2023-05-26 15:27:16,948:INFO:create_model() successfully completed......................................
2023-05-26 15:27:17,111:INFO:SubProcess create_model() end ==================================
2023-05-26 15:27:17,111:INFO:Creating metrics dataframe
2023-05-26 15:27:17,132:INFO:Initializing Gradient Boosting Regressor
2023-05-26 15:27:17,132:INFO:Total runtime is 1.526926608880361 minutes
2023-05-26 15:27:17,140:INFO:SubProcess create_model() called ==================================
2023-05-26 15:27:17,141:INFO:Initializing create_model()
2023-05-26 15:27:17,141:INFO:create_model(self=<pycaret.regression.oop.RegressionExperiment object at 0x7fbc38cd09d0>, estimator=gbr, fold=KFold(n_splits=10, random_state=None, shuffle=False), round=4, cross_validation=True, predict=True, fit_kwargs={}, groups=None, refit=False, probability_threshold=None, experiment_custom_tags=None, verbose=False, system=False, add_to_model_list=True, metrics=None, display=<pycaret.internal.display.display.CommonDisplay object at 0x7fbc1ac61ab0>, model_only=True, return_train_score=False, kwargs={})
2023-05-26 15:27:17,141:INFO:Checking exceptions
2023-05-26 15:27:17,141:INFO:Importing libraries
2023-05-26 15:27:17,141:INFO:Copying training dataset
2023-05-26 15:27:17,152:INFO:Defining folds
2023-05-26 15:27:17,152:INFO:Declaring metric variables
2023-05-26 15:27:17,163:INFO:Importing untrained model
2023-05-26 15:27:17,172:INFO:Gradient Boosting Regressor Imported successfully
2023-05-26 15:27:17,186:INFO:Starting cross validation
2023-05-26 15:27:17,189:INFO:Cross validating with KFold(n_splits=10, random_state=None, shuffle=False), n_jobs=-1
2023-05-26 15:27:24,204:INFO:Calculating mean and std
2023-05-26 15:27:24,217:INFO:Creating metrics dataframe
2023-05-26 15:27:24,287:INFO:Uploading results into container
2023-05-26 15:27:24,288:INFO:Uploading model into container now
2023-05-26 15:27:24,288:INFO:_master_model_container: 16
2023-05-26 15:27:24,288:INFO:_display_container: 2
2023-05-26 15:27:24,289:INFO:GradientBoostingRegressor(random_state=8410)
2023-05-26 15:27:24,289:INFO:create_model() successfully completed......................................
2023-05-26 15:27:24,443:INFO:SubProcess create_model() end ==================================
2023-05-26 15:27:24,444:INFO:Creating metrics dataframe
2023-05-26 15:27:24,465:INFO:Initializing Extreme Gradient Boosting
2023-05-26 15:27:24,465:INFO:Total runtime is 1.6491411884625753 minutes
2023-05-26 15:27:24,471:INFO:SubProcess create_model() called ==================================
2023-05-26 15:27:24,472:INFO:Initializing create_model()
2023-05-26 15:27:24,472:INFO:create_model(self=<pycaret.regression.oop.RegressionExperiment object at 0x7fbc38cd09d0>, estimator=xgboost, fold=KFold(n_splits=10, random_state=None, shuffle=False), round=4, cross_validation=True, predict=True, fit_kwargs={}, groups=None, refit=False, probability_threshold=None, experiment_custom_tags=None, verbose=False, system=False, add_to_model_list=True, metrics=None, display=<pycaret.internal.display.display.CommonDisplay object at 0x7fbc1ac61ab0>, model_only=True, return_train_score=False, kwargs={})
2023-05-26 15:27:24,472:INFO:Checking exceptions
2023-05-26 15:27:24,472:INFO:Importing libraries
2023-05-26 15:27:24,472:INFO:Copying training dataset
2023-05-26 15:27:24,483:INFO:Defining folds
2023-05-26 15:27:24,483:INFO:Declaring metric variables
2023-05-26 15:27:24,494:INFO:Importing untrained model
2023-05-26 15:27:24,503:INFO:Extreme Gradient Boosting Imported successfully
2023-05-26 15:27:24,516:INFO:Starting cross validation
2023-05-26 15:27:24,519:INFO:Cross validating with KFold(n_splits=10, random_state=None, shuffle=False), n_jobs=-1
2023-05-26 15:27:35,557:INFO:Calculating mean and std
2023-05-26 15:27:35,559:INFO:Creating metrics dataframe
2023-05-26 15:27:35,613:INFO:Uploading results into container
2023-05-26 15:27:35,614:INFO:Uploading model into container now
2023-05-26 15:27:35,614:INFO:_master_model_container: 17
2023-05-26 15:27:35,614:INFO:_display_container: 2
2023-05-26 15:27:35,615:INFO:XGBRegressor(base_score=None, booster='gbtree', callbacks=None,
             colsample_bylevel=None, colsample_bynode=None,
             colsample_bytree=None, early_stopping_rounds=None,
             enable_categorical=False, eval_metric=None, feature_types=None,
             gamma=None, gpu_id=None, grow_policy=None, importance_type=None,
             interaction_constraints=None, learning_rate=None, max_bin=None,
             max_cat_threshold=None, max_cat_to_onehot=None,
             max_delta_step=None, max_depth=None, max_leaves=None,
             min_child_weight=None, missing=nan, monotone_constraints=None,
             n_estimators=100, n_jobs=-1, num_parallel_tree=None,
             predictor=None, random_state=8410, ...)
2023-05-26 15:27:35,615:INFO:create_model() successfully completed......................................
2023-05-26 15:27:35,777:INFO:SubProcess create_model() end ==================================
2023-05-26 15:27:35,777:INFO:Creating metrics dataframe
2023-05-26 15:27:35,795:INFO:Initializing Light Gradient Boosting Machine
2023-05-26 15:27:35,795:INFO:Total runtime is 1.8379791061083477 minutes
2023-05-26 15:27:35,803:INFO:SubProcess create_model() called ==================================
2023-05-26 15:27:35,804:INFO:Initializing create_model()
2023-05-26 15:27:35,804:INFO:create_model(self=<pycaret.regression.oop.RegressionExperiment object at 0x7fbc38cd09d0>, estimator=lightgbm, fold=KFold(n_splits=10, random_state=None, shuffle=False), round=4, cross_validation=True, predict=True, fit_kwargs={}, groups=None, refit=False, probability_threshold=None, experiment_custom_tags=None, verbose=False, system=False, add_to_model_list=True, metrics=None, display=<pycaret.internal.display.display.CommonDisplay object at 0x7fbc1ac61ab0>, model_only=True, return_train_score=False, kwargs={})
2023-05-26 15:27:35,804:INFO:Checking exceptions
2023-05-26 15:27:35,804:INFO:Importing libraries
2023-05-26 15:27:35,804:INFO:Copying training dataset
2023-05-26 15:27:35,815:INFO:Defining folds
2023-05-26 15:27:35,815:INFO:Declaring metric variables
2023-05-26 15:27:35,822:INFO:Importing untrained model
2023-05-26 15:27:35,829:INFO:Light Gradient Boosting Machine Imported successfully
2023-05-26 15:27:35,841:INFO:Starting cross validation
2023-05-26 15:27:35,844:INFO:Cross validating with KFold(n_splits=10, random_state=None, shuffle=False), n_jobs=-1
2023-05-26 15:27:41,127:INFO:Calculating mean and std
2023-05-26 15:27:41,133:INFO:Creating metrics dataframe
2023-05-26 15:27:41,200:INFO:Uploading results into container
2023-05-26 15:27:41,202:INFO:Uploading model into container now
2023-05-26 15:27:41,202:INFO:_master_model_container: 18
2023-05-26 15:27:41,202:INFO:_display_container: 2
2023-05-26 15:27:41,203:INFO:LGBMRegressor(random_state=8410)
2023-05-26 15:27:41,203:INFO:create_model() successfully completed......................................
2023-05-26 15:27:41,368:INFO:SubProcess create_model() end ==================================
2023-05-26 15:27:41,368:INFO:Creating metrics dataframe
2023-05-26 15:27:41,386:INFO:Initializing Dummy Regressor
2023-05-26 15:27:41,387:INFO:Total runtime is 1.9311670899391176 minutes
2023-05-26 15:27:41,393:INFO:SubProcess create_model() called ==================================
2023-05-26 15:27:41,393:INFO:Initializing create_model()
2023-05-26 15:27:41,393:INFO:create_model(self=<pycaret.regression.oop.RegressionExperiment object at 0x7fbc38cd09d0>, estimator=dummy, fold=KFold(n_splits=10, random_state=None, shuffle=False), round=4, cross_validation=True, predict=True, fit_kwargs={}, groups=None, refit=False, probability_threshold=None, experiment_custom_tags=None, verbose=False, system=False, add_to_model_list=True, metrics=None, display=<pycaret.internal.display.display.CommonDisplay object at 0x7fbc1ac61ab0>, model_only=True, return_train_score=False, kwargs={})
2023-05-26 15:27:41,393:INFO:Checking exceptions
2023-05-26 15:27:41,393:INFO:Importing libraries
2023-05-26 15:27:41,393:INFO:Copying training dataset
2023-05-26 15:27:41,406:INFO:Defining folds
2023-05-26 15:27:41,406:INFO:Declaring metric variables
2023-05-26 15:27:41,419:INFO:Importing untrained model
2023-05-26 15:27:41,426:INFO:Dummy Regressor Imported successfully
2023-05-26 15:27:41,438:INFO:Starting cross validation
2023-05-26 15:27:41,441:INFO:Cross validating with KFold(n_splits=10, random_state=None, shuffle=False), n_jobs=-1
2023-05-26 15:27:46,837:INFO:Calculating mean and std
2023-05-26 15:27:46,852:INFO:Creating metrics dataframe
2023-05-26 15:27:46,938:INFO:Uploading results into container
2023-05-26 15:27:46,939:INFO:Uploading model into container now
2023-05-26 15:27:46,940:INFO:_master_model_container: 19
2023-05-26 15:27:46,940:INFO:_display_container: 2
2023-05-26 15:27:46,940:INFO:DummyRegressor()
2023-05-26 15:27:46,940:INFO:create_model() successfully completed......................................
2023-05-26 15:27:47,103:INFO:SubProcess create_model() end ==================================
2023-05-26 15:27:47,103:INFO:Creating metrics dataframe
2023-05-26 15:27:47,138:INFO:Initializing create_model()
2023-05-26 15:27:47,138:INFO:create_model(self=<pycaret.regression.oop.RegressionExperiment object at 0x7fbc38cd09d0>, estimator=ExtraTreesRegressor(n_jobs=-1, random_state=8410), fold=KFold(n_splits=10, random_state=None, shuffle=False), round=4, cross_validation=False, predict=False, fit_kwargs={}, groups=None, refit=True, probability_threshold=None, experiment_custom_tags=None, verbose=False, system=False, add_to_model_list=True, metrics=None, display=None, model_only=True, return_train_score=False, kwargs={})
2023-05-26 15:27:47,138:INFO:Checking exceptions
2023-05-26 15:27:47,142:INFO:Importing libraries
2023-05-26 15:27:47,142:INFO:Copying training dataset
2023-05-26 15:27:47,151:INFO:Defining folds
2023-05-26 15:27:47,151:INFO:Declaring metric variables
2023-05-26 15:27:47,151:INFO:Importing untrained model
2023-05-26 15:27:47,151:INFO:Declaring custom model
2023-05-26 15:27:47,153:INFO:Extra Trees Regressor Imported successfully
2023-05-26 15:27:47,155:INFO:Cross validation set to False
2023-05-26 15:27:47,155:INFO:Fitting Model
2023-05-26 15:27:48,340:INFO:ExtraTreesRegressor(n_jobs=-1, random_state=8410)
2023-05-26 15:27:48,340:INFO:create_model() successfully completed......................................
2023-05-26 15:27:48,570:INFO:_master_model_container: 19
2023-05-26 15:27:48,570:INFO:_display_container: 2
2023-05-26 15:27:48,571:INFO:ExtraTreesRegressor(n_jobs=-1, random_state=8410)
2023-05-26 15:27:48,571:INFO:compare_models() successfully completed......................................
